
=== Sun Nov 13 22:41:48 2022

Packages were changed.
Update Mode: mergeDefaultDependencies

The following packages were added:
  com.unity.ide.rider@3.0.15
  com.unity.ide.visualstudio@2.0.16
  com.unity.ide.vscode@1.2.5
  com.unity.modules.ai@1.0.0
  com.unity.modules.androidjni@1.0.0
  com.unity.modules.animation@1.0.0
  com.unity.modules.assetbundle@1.0.0
  com.unity.modules.audio@1.0.0
  com.unity.modules.cloth@1.0.0
  com.unity.modules.director@1.0.0
  com.unity.modules.imageconversion@1.0.0
  com.unity.modules.imgui@1.0.0
  com.unity.modules.jsonserialize@1.0.0
  com.unity.modules.particlesystem@1.0.0
  com.unity.modules.physics@1.0.0
  com.unity.modules.physics2d@1.0.0
  com.unity.modules.screencapture@1.0.0
  com.unity.modules.terrain@1.0.0
  com.unity.modules.terrainphysics@1.0.0
  com.unity.modules.tilemap@1.0.0
  com.unity.modules.ui@1.0.0
  com.unity.modules.uielements@1.0.0
  com.unity.modules.umbra@1.0.0
  com.unity.modules.unityanalytics@1.0.0
  com.unity.modules.unitywebrequest@1.0.0
  com.unity.modules.unitywebrequestassetbundle@1.0.0
  com.unity.modules.unitywebrequestaudio@1.0.0
  com.unity.modules.unitywebrequesttexture@1.0.0
  com.unity.modules.unitywebrequestwww@1.0.0
  com.unity.modules.vehicles@1.0.0
  com.unity.modules.video@1.0.0
  com.unity.modules.vr@1.0.0
  com.unity.modules.wind@1.0.0
  com.unity.modules.xr@1.0.0
  com.unity.test-framework@1.1.31
The following packages were updated:
  com.unity.collab-proxy from version 1.13.5 to 1.17.2
  com.unity.timeline from version 1.6.2 to 1.6.4
  com.unity.visualscripting from version 1.7.6 to 1.7.8

=== Thu Dec  8 00:11:20 2022

Packages were changed.
Update Mode: updateDependencies

The following packages were updated:
  com.unity.collab-proxy from version 1.17.2 to 1.17.7
  com.unity.ide.rider from version 3.0.15 to 3.0.16

=== Sat Dec 10 22:36:42 2022

Packages were changed.
Update Mode: resetToDefaultDependencies

The following packages were added:
  com.unity.collab-proxy@1.17.7
  com.unity.ide.rider@3.0.16
  com.unity.ide.visualstudio@2.0.16
  com.unity.ide.vscode@1.2.5
  com.unity.modules.ai@1.0.0
  com.unity.modules.androidjni@1.0.0
  com.unity.modules.animation@1.0.0
  com.unity.modules.assetbundle@1.0.0
  com.unity.modules.audio@1.0.0
  com.unity.modules.cloth@1.0.0
  com.unity.modules.director@1.0.0
  com.unity.modules.imageconversion@1.0.0
  com.unity.modules.imgui@1.0.0
  com.unity.modules.jsonserialize@1.0.0
  com.unity.modules.particlesystem@1.0.0
  com.unity.modules.physics@1.0.0
  com.unity.modules.physics2d@1.0.0
  com.unity.modules.screencapture@1.0.0
  com.unity.modules.terrain@1.0.0
  com.unity.modules.terrainphysics@1.0.0
  com.unity.modules.tilemap@1.0.0
  com.unity.modules.ui@1.0.0
  com.unity.modules.uielements@1.0.0
  com.unity.modules.umbra@1.0.0
  com.unity.modules.unityanalytics@1.0.0
  com.unity.modules.unitywebrequest@1.0.0
  com.unity.modules.unitywebrequestassetbundle@1.0.0
  com.unity.modules.unitywebrequestaudio@1.0.0
  com.unity.modules.unitywebrequesttexture@1.0.0
  com.unity.modules.unitywebrequestwww@1.0.0
  com.unity.modules.vehicles@1.0.0
  com.unity.modules.video@1.0.0
  com.unity.modules.vr@1.0.0
  com.unity.modules.wind@1.0.0
  com.unity.modules.xr@1.0.0
  com.unity.test-framework@1.1.31
  com.unity.textmeshpro@3.0.6
  com.unity.timeline@1.6.4
  com.unity.ugui@1.0.0
  com.unity.visualscripting@1.7.8

=== Sat Dec 10 22:42:51 2022

Packages were changed.
Update Mode: updateDependencies

The following packages were updated:
  com.unity.inputsystem from version 1.3.0 to 1.4.4
  com.unity.render-pipelines.universal from version 12.1.6 to 12.1.8

=== Sat Dec 10 22:42:51 2022

Packages were changed.
Update Mode: mergeDefaultDependencies

The following packages were added:
  com.unity.cinemachine@2.8.9
  com.unity.inputsystem@1.4.4
  com.unity.render-pipelines.universal@12.1.8

=== Sat Dec 10 22:49:29 2022

Packages were changed.
Update Mode: updateDependencies

The following packages were added:
  com.unity.2d.sprite@1.0.0
  com.unity.2d.tilemap@1.0.0
  com.unity.ads@3.7.5
  com.unity.analytics@3.6.12
  com.unity.purchasing@4.5.1
  com.unity.xr.legacyinputhelpers@2.1.10

=== Sat Dec 10 22:53:46 2022

Packages were changed.
Update Mode: updateDependencies

The following packages were updated:
  com.unity.inputsystem from version 1.3.0 to 1.4.4
  com.unity.render-pipelines.universal from version 12.1.6 to 12.1.8

=== Sun Dec 11 01:02:24 2022

Packages were changed.
Update Mode: updateDependencies

The following packages were updated:
  com.unity.collab-proxy from version 1.17.2 to 1.17.7
  com.unity.ide.rider from version 3.0.15 to 3.0.16
  com.unity.timeline from version 1.4.8 to 1.6.4

=== Sun Dec 11 01:02:24 2022

Packages were changed.
Update Mode: mergeDefaultDependencies

The following packages were added:
  com.unity.postprocessing@3.2.2
  com.unity.progrids@3.0.3-preview.6
